# JRE version: Java(TM) SE Runtime Environment (8.0_441) (build 1.8.0_441-b07)
# Java VM: Java HotSpot(TM) 64-Bit Server VM (25.441-b07 mixed mode windows-amd64 compressed oops)
Heap:
 PSYoungGen      total 138752K, used 5353K [0x00000000d6900000, 0x00000000e7800000, 0x0000000100000000)
  eden space 130560K, 3% used [0x00000000d6900000,0x00000000d6d4a748,0x00000000de880000)
  from space 8192K, 11% used [0x00000000de880000,0x00000000de970020,0x00000000df080000)
  to   space 8192K, 0% used [0x00000000e7000000,0x00000000e7000000,0x00000000e7800000)
 ParOldGen       total 86016K, used 1921K [0x0000000083a00000, 0x0000000088e00000, 0x00000000d6900000)
  object space 86016K, 2% used [0x0000000083a00000,0x0000000083be06c8,0x0000000088e00000)
 Metaspace       used 5299K, capacity 5923K, committed 6016K, reserved 1056768K
  class space    used 509K, capacity 560K, committed 640K, reserved 1048576K
GC Heap History (10 events):
Event: 0.560 GC heap before
{Heap before GC invocations=3 (full 0):
 PSYoungGen      total 37888K, used 36573K [0x00000000d6900000, 0x00000000db300000, 0x0000000100000000)
  eden space 32768K, 100% used [0x00000000d6900000,0x00000000d8900000,0x00000000d8900000)
  from space 5120K, 74% used [0x00000000d8e00000,0x00000000d91b7560,0x00000000d9300000)
  to   space 5120K, 0% used [0x00000000d8900000,0x00000000d8900000,0x00000000d8e00000)
 ParOldGen       total 86016K, used 16K [0x0000000083a00000, 0x0000000088e00000, 0x00000000d6900000)
  object space 86016K, 0% used [0x0000000083a00000,0x0000000083a04000,0x0000000088e00000)
 Metaspace       used 4324K, capacity 5563K, committed 5632K, reserved 1056768K
  class space    used 409K, capacity 456K, committed 512K, reserved 1048576K
Event: 0.563 GC heap after
Heap after GC invocations=3 (full 0):
 PSYoungGen      total 37888K, used 5115K [0x00000000d6900000, 0x00000000db300000, 0x0000000100000000)
  eden space 32768K, 0% used [0x00000000d6900000,0x00000000d6900000,0x00000000d8900000)
  from space 5120K, 99% used [0x00000000d8900000,0x00000000d8dfef68,0x00000000d8e00000)
  to   space 5120K, 0% used [0x00000000dae00000,0x00000000dae00000,0x00000000db300000)
 ParOldGen       total 86016K, used 32K [0x0000000083a00000, 0x0000000088e00000, 0x00000000d6900000)
  object space 86016K, 0% used [0x0000000083a00000,0x0000000083a08000,0x0000000088e00000)
 Metaspace       used 4324K, capacity 5563K, committed 5632K, reserved 1056768K
  class space    used 409K, capacity 456K, committed 512K, reserved 1048576K
}
Event: 0.582 GC heap before
{Heap before GC invocations=4 (full 0):
 PSYoungGen      total 37888K, used 37883K [0x00000000d6900000, 0x00000000db300000, 0x0000000100000000)
  eden space 32768K, 100% used [0x00000000d6900000,0x00000000d8900000,0x00000000d8900000)
  from space 5120K, 99% used [0x00000000d8900000,0x00000000d8dfef68,0x00000000d8e00000)
  to   space 5120K, 0% used [0x00000000dae00000,0x00000000dae00000,0x00000000db300000)
 ParOldGen       total 86016K, used 32K [0x0000000083a00000, 0x0000000088e00000, 0x00000000d6900000)
  object space 86016K, 0% used [0x0000000083a00000,0x0000000083a08000,0x0000000088e00000)
 Metaspace       used 4325K, capacity 5563K, committed 5632K, reserved 1056768K
  class space    used 409K, capacity 456K, committed 512K, reserved 1048576K
Event: 0.588 GC heap after
Heap after GC invocations=4 (full 0):
 PSYoungGen      total 70656K, used 5100K [0x00000000d6900000, 0x00000000db300000, 0x0000000100000000)
  eden space 65536K, 0% used [0x00000000d6900000,0x00000000d6900000,0x00000000da900000)
  from space 5120K, 99% used [0x00000000dae00000,0x00000000db2fb118,0x00000000db300000)
  to   space 5120K, 0% used [0x00000000da900000,0x00000000da900000,0x00000000dae00000)
 ParOldGen       total 86016K, used 1272K [0x0000000083a00000, 0x0000000088e00000, 0x00000000d6900000)
  object space 86016K, 1% used [0x0000000083a00000,0x0000000083b3e000,0x0000000088e00000)
 Metaspace       used 4325K, capacity 5563K, committed 5632K, reserved 1056768K
  class space    used 409K, capacity 456K, committed 512K, reserved 1048576K
}
Event: 0.683 GC heap before
{Heap before GC invocations=5 (full 0):
 PSYoungGen      total 70656K, used 70636K [0x00000000d6900000, 0x00000000db300000, 0x0000000100000000)
  eden space 65536K, 100% used [0x00000000d6900000,0x00000000da900000,0x00000000da900000)
  from space 5120K, 99% used [0x00000000dae00000,0x00000000db2fb118,0x00000000db300000)
  to   space 5120K, 0% used [0x00000000da900000,0x00000000da900000,0x00000000dae00000)
 ParOldGen       total 86016K, used 1272K [0x0000000083a00000, 0x0000000088e00000, 0x00000000d6900000)
  object space 86016K, 1% used [0x0000000083a00000,0x0000000083b3e000,0x0000000088e00000)
 Metaspace       used 4443K, capacity 5627K, committed 5888K, reserved 1056768K
  class space    used 413K, capacity 456K, committed 512K, reserved 1048576K
Event: 0.685 GC heap after
Heap after GC invocations=5 (full 0):
 PSYoungGen      total 70656K, used 2085K [0x00000000d6900000, 0x00000000df800000, 0x0000000100000000)
  eden space 65536K, 0% used [0x00000000d6900000,0x00000000d6900000,0x00000000da900000)
  from space 5120K, 40% used [0x00000000da900000,0x00000000dab095c8,0x00000000dae00000)
  to   space 7680K, 0% used [0x00000000df080000,0x00000000df080000,0x00000000df800000)
 ParOldGen       total 86016K, used 1280K [0x0000000083a00000, 0x0000000088e00000, 0x00000000d6900000)
  object space 86016K, 1% used [0x0000000083a00000,0x0000000083b40000,0x0000000088e00000)
 Metaspace       used 4443K, capacity 5627K, committed 5888K, reserved 1056768K
  class space    used 413K, capacity 456K, committed 512K, reserved 1048576K
}
Event: 0.739 GC heap before
{Heap before GC invocations=6 (full 0):
 PSYoungGen      total 70656K, used 67621K [0x00000000d6900000, 0x00000000df800000, 0x0000000100000000)
  eden space 65536K, 100% used [0x00000000d6900000,0x00000000da900000,0x00000000da900000)
  from space 5120K, 40% used [0x00000000da900000,0x00000000dab095c8,0x00000000dae00000)
  to   space 7680K, 0% used [0x00000000df080000,0x00000000df080000,0x00000000df800000)
 ParOldGen       total 86016K, used 1280K [0x0000000083a00000, 0x0000000088e00000, 0x00000000d6900000)
  object space 86016K, 1% used [0x0000000083a00000,0x0000000083b40000,0x0000000088e00000)
 Metaspace       used 4444K, capacity 5627K, committed 5888K, reserved 1056768K
  class space    used 413K, capacity 456K, committed 512K, reserved 1048576K
Event: 0.744 GC heap after
Heap after GC invocations=6 (full 0):
 PSYoungGen      total 138240K, used 5714K [0x00000000d6900000, 0x00000000df900000, 0x0000000100000000)
  eden space 130560K, 0% used [0x00000000d6900000,0x00000000d6900000,0x00000000de880000)
  from space 7680K, 74% used [0x00000000df080000,0x00000000df614960,0x00000000df800000)
  to   space 8192K, 0% used [0x00000000de880000,0x00000000de880000,0x00000000df080000)
 ParOldGen       total 86016K, used 1280K [0x0000000083a00000, 0x0000000088e00000, 0x00000000d6900000)
  object space 86016K, 1% used [0x0000000083a00000,0x0000000083b40000,0x0000000088e00000)
 Metaspace       used 4444K, capacity 5627K, committed 5888K, reserved 1056768K
  class space    used 413K, capacity 456K, committed 512K, reserved 1048576K
}
Event: 0.984 GC heap before
{Heap before GC invocations=7 (full 0):
 PSYoungGen      total 138240K, used 136274K [0x00000000d6900000, 0x00000000df900000, 0x0000000100000000)
  eden space 130560K, 100% used [0x00000000d6900000,0x00000000de880000,0x00000000de880000)
  from space 7680K, 74% used [0x00000000df080000,0x00000000df614960,0x00000000df800000)
  to   space 8192K, 0% used [0x00000000de880000,0x00000000de880000,0x00000000df080000)
 ParOldGen       total 86016K, used 1280K [0x0000000083a00000, 0x0000000088e00000, 0x00000000d6900000)
  object space 86016K, 1% used [0x0000000083a00000,0x0000000083b40000,0x0000000088e00000)
 Metaspace       used 5258K, capacity 5827K, committed 6016K, reserved 1056768K
  class space    used 504K, capacity 528K, committed 640K, reserved 1048576K
Event: 0.986 GC heap after
Heap after GC invocations=7 (full 0):
 PSYoungGen      total 138752K, used 960K [0x00000000d6900000, 0x00000000e7800000, 0x0000000100000000)
  eden space 130560K, 0% used [0x00000000d6900000,0x00000000d6900000,0x00000000de880000)
  from space 8192K, 11% used [0x00000000de880000,0x00000000de970020,0x00000000df080000)
  to   space 8192K, 0% used [0x00000000e7000000,0x00000000e7000000,0x00000000e7800000)
 ParOldGen       total 86016K, used 1921K [0x0000000083a00000, 0x0000000088e00000, 0x00000000d6900000)
  object space 86016K, 2% used [0x0000000083a00000,0x0000000083be06c8,0x0000000088e00000)
 Metaspace       used 5258K, capacity 5827K, committed 6016K, reserved 1056768K
  class space    used 504K, capacity 528K, committed 640K, reserved 1048576K
}

